<?xml version="1.0" encoding="UTF-8" ?>
<testsuite tests="5" failures="2" name="edu.pdx.cs410J.khaosans.Project4Test" time="0.011" errors="0" skipped="0">
  <properties>
[...]
</properties>
  <testcase classname="edu.pdx.cs410J.khaosans.Project4Test" name="addshit" time="0"/>
  <testcase classname="edu.pdx.cs410J.khaosans.Project4Test" name="test1NoCommandLineArguments" time="0"/>
  <testcase classname="edu.pdx.cs410J.khaosans.Project4Test" name="test2EmptyServer" time="0.002">
    <failure message="Server contains 1 key/value pairs
  lOKE -&gt; UE

Expected: a string containing &quot;Server contains 0 key/value pairs&quot;
     but: was &quot;Server contains 1 key/value pairs
  lOKE -&gt; UE
&quot;" type="java.lang.AssertionError">java.lang.AssertionError: Server contains 1 key/value pairs
  lOKE -&gt; UE

Expected: a string containing &quot;Server contains 0 key/value pairs&quot;
     but: was &quot;Server contains 1 key/value pairs
  lOKE -&gt; UE
&quot;
	at org.hamcrest.MatcherAssert.assertThat(MatcherAssert.java:20)
	at edu.pdx.cs410J.khaosans.Project4Test.test2EmptyServer(Project4Test.java:32)
</failure>
  </testcase>
  <testcase classname="edu.pdx.cs410J.khaosans.Project4Test" name="test3NoValues" time="0.002"/>
  <testcase classname="edu.pdx.cs410J.khaosans.Project4Test" name="test4AddValue" time="0.007">
    <failure message="Server contains 2 key/value pairs
  KEY -&gt; VALUE
  lOKE -&gt; UE

Expected: a string containing &quot;Server contains 1 key/value pairs&quot;
     but: was &quot;Server contains 2 key/value pairs
  KEY -&gt; VALUE
  lOKE -&gt; UE
&quot;" type="java.lang.AssertionError">java.lang.AssertionError: Server contains 2 key/value pairs
  KEY -&gt; VALUE
  lOKE -&gt; UE

Expected: a string containing &quot;Server contains 1 key/value pairs&quot;
     but: was &quot;Server contains 2 key/value pairs
  KEY -&gt; VALUE
  lOKE -&gt; UE
&quot;
	at org.hamcrest.MatcherAssert.assertThat(MatcherAssert.java:20)
	at edu.pdx.cs410J.khaosans.Project4Test.test4AddValue(Project4Test.java:62)
</failure>
  </testcase>
</testsuite>